<?xml version="1.0" encoding="UTF-8"?>
<!-- Generated by org.testng.reporters.JUnitReportReporter -->
<testsuite hostname="LAPTOP-BHIJSQMG" name="cucumber_demo.automation_cucumber.AppTest" tests="1" failures="0" timestamp="14 Jun 2020 14:54:05 GMT" time="0.003" errors="0">
  <testcase name="shouldAnswerWithTrue" time="0.003" classname="cucumber_demo.automation_cucumber.AppTest"/>
</testsuite> <!-- cucumber_demo.automation_cucumber.AppTest -->
